╭──────────────────────────────────────────────────────────────────────────────╮
│ IP-Orch: starting execution | running up to 10 models in parallel            │
│ chgnet → chgnet                                                              │
│ deepmd → dpa-3.1-3m-ft                                                       │
│ deepmd → dpa-3.1-mptrj                                                       │
│ eqnorm → eqnorm-mptrj                                                        │
│ grace → grace-2l-oam                                                         │
│ grace → grace-1l-oam                                                         │
│ grace → grace-2l-mp-r6                                                       │
│ hienet → hienet                                                              │
│ m3gnet → m3gnet                                                              │
│ mace → mace-mp                                                               │
│ mace → mace-mp-0                                                             │
│ mace → mace-mpa-0                                                            │
│ matris → matris-10m-oam                                                      │
│ matris → matris-10m-mp                                                       │
│ mattersim → mattersim-v1                                                     │
│ nequip → nequip-oam-l                                                        │
│ nequip → nequip-mp-l                                                         │
│ nequip → allegro-mp-l                                                        │
│ nequix → nequix-mp                                                           │
│ nequix → nequix-mp-pft                                                       │
│ orb-v3 → orb-v3                                                              │
│ orb-v3 → orb-v2                                                              │
│ orb-v3 → orb-v2-mptrj                                                        │
│ sevenn → sevennet-omni                                                       │
│ sevenn → sevennet-l3i5                                                       │
│ tace → tace-v1-oam-m                                                         │
│ upet → pet-oam-xl                                                            │
╰──────────────────────────────────────────────────────────────────────────────╯
╭──────────────────────────────────────────────────────────────────────────────╮
│ M3GNET → m3gnet                                                              │
│ /home/p.zanineli/miniconda3/envs/m3gnet/bin/python                           │
│ /mnt/beegfs/home/p.zanineli/ip-orch/ip_orch/core/worker.py                   │
│ isolated_atom_energies.py m3gnet m3gnet /home/p.zanineli/pretrained/models   │
│ /mnt/beegfs/home/p.zanineli/ip-orch                                          │
╰──────────────────────────────────────────────────────────────────────────────╯
From 
/home/p.zanineli/miniconda3/envs/m3gnet/lib/python3.9/site-packages/tensorflow/p
ython/util/deprecation.py:588: calling function (from 
tensorflow.python.eager.polymorphic_function.polymorphic_function) with 
experimental_relax_shapes is deprecated and will be removed in a future version.
Instructions for updating:
experimental_relax_shapes is deprecated, use reduce_retracing instead
[Worker ERROR] Failure running m3gnet: __init__() missing 1 required positional 
argument: 'potential'
2026-04-26 21:52:31.039197: I external/local_xla/xla/tsl/cuda/cudart_stub.cc:31]
Could not find cuda drivers on your machine, GPU will not be used.
2026-04-26 21:52:32.364798: I tensorflow/core/platform/cpu_feature_guard.cc:210]
This TensorFlow binary is optimized to use available CPU instructions in 
performance-critical operations.
To enable the following instructions: AVX2 FMA, in other operations, rebuild 
TensorFlow with the appropriate compiler flags.
2026-04-26 21:52:42.011464: I external/local_xla/xla/tsl/cuda/cudart_stub.cc:31]
Could not find cuda drivers on your machine, GPU will not be used.
Failed for m3gnet (m3gnet)
╭──────────────────────────────────────────────────────────────────────────────╮
│ CHGNET → chgnet                                                              │
│ /home/p.zanineli/miniconda3/envs/chgnet/bin/python                           │
│ /mnt/beegfs/home/p.zanineli/ip-orch/ip_orch/core/worker.py                   │
│ isolated_atom_energies.py chgnet chgnet /home/p.zanineli/pretrained/models   │
│ /mnt/beegfs/home/p.zanineli/ip-orch                                          │
╰──────────────────────────────────────────────────────────────────────────────╯
CHGNet v0.3.0 initialized with 412,525 parameters
CHGNet will run on cuda
Appended isolated-atom energies for chgnet to 
/mnt/beegfs/home/p.zanineli/ip-orch/ip_orch/scripts/results/isolated_atom_energi
es.csv
Structure graph_id=None has 1 isolated atom(s) with atom_graph_cutoff=6. CHGNet 
calculation will likely go wrong
Structure graph_id=None has 1 isolated atom(s) with atom_graph_cutoff=6. CHGNet 
calculation will likely go wrong
Structure graph_id=None has 1 isolated atom(s) with atom_graph_cutoff=6. CHGNet 
calculation will likely go wrong
Structure graph_id=None has 1 isolated atom(s) with atom_graph_cutoff=6. CHGNet 
calculation will likely go wrong
Structure graph_id=None has 1 isolated atom(s) with atom_graph_cutoff=6. CHGNet 
calculation will likely go wrong
Structure graph_id=None has 1 isolated atom(s) with atom_graph_cutoff=6. CHGNet 
calculation will likely go wrong
Structure graph_id=None has 1 isolated atom(s) with atom_graph_cutoff=6. CHGNet 
calculation will likely go wrong
Structure graph_id=None has 1 isolated atom(s) with atom_graph_cutoff=6. CHGNet 
calculation will likely go wrong
Structure graph_id=None has 1 isolated atom(s) with atom_graph_cutoff=6. CHGNet 
calculation will likely go wrong
Structure graph_id=None has 1 isolated atom(s) with atom_graph_cutoff=6. CHGNet 
calculation will likely go wrong
Structure graph_id=None has 1 isolated atom(s) with atom_graph_cutoff=6. CHGNet 
calculation will likely go wrong
Structure graph_id=None has 1 isolated atom(s) with atom_graph_cutoff=6. CHGNet 
calculation will likely go wrong
Structure graph_id=None has 1 isolated atom(s) with atom_graph_cutoff=6. CHGNet 
calculation will likely go wrong
Structure graph_id=None has 1 isolated atom(s) with atom_graph_cutoff=6. CHGNet 
calculation will likely go wrong
Structure graph_id=None has 1 isolated atom(s) with atom_graph_cutoff=6. CHGNet 
calculation will likely go wrong
Structure graph_id=None has 1 isolated atom(s) with atom_graph_cutoff=6. CHGNet 
calculation will likely go wrong
Structure graph_id=None has 1 isolated atom(s) with atom_graph_cutoff=6. CHGNet 
calculation will likely go wrong
Structure graph_id=None has 1 isolated atom(s) with atom_graph_cutoff=6. CHGNet 
calculation will likely go wrong
Structure graph_id=None has 1 isolated atom(s) with atom_graph_cutoff=6. CHGNet 
calculation will likely go wrong
Structure graph_id=None has 1 isolated atom(s) with atom_graph_cutoff=6. CHGNet 
calculation will likely go wrong
Structure graph_id=None has 1 isolated atom(s) with atom_graph_cutoff=6. CHGNet 
calculation will likely go wrong
Structure graph_id=None has 1 isolated atom(s) with atom_graph_cutoff=6. CHGNet 
calculation will likely go wrong
Structure graph_id=None has 1 isolated atom(s) with atom_graph_cutoff=6. CHGNet 
calculation will likely go wrong
Structure graph_id=None has 1 isolated atom(s) with atom_graph_cutoff=6. CHGNet 
calculation will likely go wrong
Structure graph_id=None has 1 isolated atom(s) with atom_graph_cutoff=6. CHGNet 
calculation will likely go wrong
Structure graph_id=None has 1 isolated atom(s) with atom_graph_cutoff=6. CHGNet 
calculation will likely go wrong
Structure graph_id=None has 1 isolated atom(s) with atom_graph_cutoff=6. CHGNet 
calculation will likely go wrong
Structure graph_id=None has 1 isolated atom(s) with atom_graph_cutoff=6. CHGNet 
calculation will likely go wrong
Structure graph_id=None has 1 isolated atom(s) with atom_graph_cutoff=6. CHGNet 
calculation will likely go wrong
Structure graph_id=None has 1 isolated atom(s) with atom_graph_cutoff=6. CHGNet 
calculation will likely go wrong
Structure graph_id=None has 1 isolated atom(s) with atom_graph_cutoff=6. CHGNet 
calculation will likely go wrong
Structure graph_id=None has 1 isolated atom(s) with atom_graph_cutoff=6. CHGNet 
calculation will likely go wrong
Structure graph_id=None has 1 isolated atom(s) with atom_graph_cutoff=6. CHGNet 
calculation will likely go wrong
Structure graph_id=None has 1 isolated atom(s) with atom_graph_cutoff=6. CHGNet 
calculation will likely go wrong
Structure graph_id=None has 1 isolated atom(s) with atom_graph_cutoff=6. CHGNet 
calculation will likely go wrong
Structure graph_id=None has 1 isolated atom(s) with atom_graph_cutoff=6. CHGNet 
calculation will likely go wrong
Structure graph_id=None has 1 isolated atom(s) with atom_graph_cutoff=6. CHGNet 
calculation will likely go wrong
Structure graph_id=None has 1 isolated atom(s) with atom_graph_cutoff=6. CHGNet 
calculation will likely go wrong
Structure graph_id=None has 1 isolated atom(s) with atom_graph_cutoff=6. CHGNet 
calculation will likely go wrong
Structure graph_id=None has 1 isolated atom(s) with atom_graph_cutoff=6. CHGNet 
calculation will likely go wrong
Structure graph_id=None has 1 isolated atom(s) with atom_graph_cutoff=6. CHGNet 
calculation will likely go wrong
Structure graph_id=None has 1 isolated atom(s) with atom_graph_cutoff=6. CHGNet 
calculation will likely go wrong
Structure graph_id=None has 1 isolated atom(s) with atom_graph_cutoff=6. CHGNet 
calculation will likely go wrong
Structure graph_id=None has 1 isolated atom(s) with atom_graph_cutoff=6. CHGNet 
calculation will likely go wrong
Structure graph_id=None has 1 isolated atom(s) with atom_graph_cutoff=6. CHGNet 
calculation will likely go wrong
Structure graph_id=None has 1 isolated atom(s) with atom_graph_cutoff=6. CHGNet 
calculation will likely go wrong
Structure graph_id=None has 1 isolated atom(s) with atom_graph_cutoff=6. CHGNet 
calculation will likely go wrong
Structure graph_id=None has 1 isolated atom(s) with atom_graph_cutoff=6. CHGNet 
calculation will likely go wrong
Structure graph_id=None has 1 isolated atom(s) with atom_graph_cutoff=6. CHGNet 
calculation will likely go wrong
Structure graph_id=None has 1 isolated atom(s) with atom_graph_cutoff=6. CHGNet 
calculation will likely go wrong
Structure graph_id=None has 1 isolated atom(s) with atom_graph_cutoff=6. CHGNet 
calculation will likely go wrong
Structure graph_id=None has 1 isolated atom(s) with atom_graph_cutoff=6. CHGNet 
calculation will likely go wrong
Structure graph_id=None has 1 isolated atom(s) with atom_graph_cutoff=6. CHGNet 
calculation will likely go wrong
Structure graph_id=None has 1 isolated atom(s) with atom_graph_cutoff=6. CHGNet 
calculation will likely go wrong
Structure graph_id=None has 1 isolated atom(s) with atom_graph_cutoff=6. CHGNet 
calculation will likely go wrong
Structure graph_id=None has 1 isolated atom(s) with atom_graph_cutoff=6. CHGNet 
calculation will likely go wrong
Structure graph_id=None has 1 isolated atom(s) with atom_graph_cutoff=6. CHGNet 
calculation will likely go wrong
Structure graph_id=None has 1 isolated atom(s) with atom_graph_cutoff=6. CHGNet 
calculation will likely go wrong
Structure graph_id=None has 1 isolated atom(s) with atom_graph_cutoff=6. CHGNet 
calculation will likely go wrong
Structure graph_id=None has 1 isolated atom(s) with atom_graph_cutoff=6. CHGNet 
calculation will likely go wrong
Structure graph_id=None has 1 isolated atom(s) with atom_graph_cutoff=6. CHGNet 
calculation will likely go wrong
Structure graph_id=None has 1 isolated atom(s) with atom_graph_cutoff=6. CHGNet 
calculation will likely go wrong
Structure graph_id=None has 1 isolated atom(s) with atom_graph_cutoff=6. CHGNet 
calculation will likely go wrong
Structure graph_id=None has 1 isolated atom(s) with atom_graph_cutoff=6. CHGNet 
calculation will likely go wrong
Structure graph_id=None has 1 isolated atom(s) with atom_graph_cutoff=6. CHGNet 
calculation will likely go wrong
Structure graph_id=None has 1 isolated atom(s) with atom_graph_cutoff=6. CHGNet 
calculation will likely go wrong
Structure graph_id=None has 1 isolated atom(s) with atom_graph_cutoff=6. CHGNet 
calculation will likely go wrong
Structure graph_id=None has 1 isolated atom(s) with atom_graph_cutoff=6. CHGNet 
calculation will likely go wrong
Structure graph_id=None has 1 isolated atom(s) with atom_graph_cutoff=6. CHGNet 
calculation will likely go wrong
Structure graph_id=None has 1 isolated atom(s) with atom_graph_cutoff=6. CHGNet 
calculation will likely go wrong
Structure graph_id=None has 1 isolated atom(s) with atom_graph_cutoff=6. CHGNet 
calculation will likely go wrong
Structure graph_id=None has 1 isolated atom(s) with atom_graph_cutoff=6. CHGNet 
calculation will likely go wrong
Structure graph_id=None has 1 isolated atom(s) with atom_graph_cutoff=6. CHGNet 
calculation will likely go wrong
Structure graph_id=None has 1 isolated atom(s) with atom_graph_cutoff=6. CHGNet 
calculation will likely go wrong
Structure graph_id=None has 1 isolated atom(s) with atom_graph_cutoff=6. CHGNet 
calculation will likely go wrong
Structure graph_id=None has 1 isolated atom(s) with atom_graph_cutoff=6. CHGNet 
calculation will likely go wrong
Structure graph_id=None has 1 isolated atom(s) with atom_graph_cutoff=6. CHGNet 
calculation will likely go wrong
Structure graph_id=None has 1 isolated atom(s) with atom_graph_cutoff=6. CHGNet 
calculation will likely go wrong
Structure graph_id=None has 1 isolated atom(s) with atom_graph_cutoff=6. CHGNet 
calculation will likely go wrong
Structure graph_id=None has 1 isolated atom(s) with atom_graph_cutoff=6. CHGNet 
calculation will likely go wrong
Structure graph_id=None has 1 isolated atom(s) with atom_graph_cutoff=6. CHGNet 
calculation will likely go wrong
Structure graph_id=None has 1 isolated atom(s) with atom_graph_cutoff=6. CHGNet 
calculation will likely go wrong
Structure graph_id=None has 1 isolated atom(s) with atom_graph_cutoff=6. CHGNet 
calculation will likely go wrong
Structure graph_id=None has 1 isolated atom(s) with atom_graph_cutoff=6. CHGNet 
calculation will likely go wrong
Structure graph_id=None has 1 isolated atom(s) with atom_graph_cutoff=6. CHGNet 
calculation will likely go wrong
Structure graph_id=None has 1 isolated atom(s) with atom_graph_cutoff=6. CHGNet 
calculation will likely go wrong
Structure graph_id=None has 1 isolated atom(s) with atom_graph_cutoff=6. CHGNet 
calculation will likely go wrong
Structure graph_id=None has 1 isolated atom(s) with atom_graph_cutoff=6. CHGNet 
calculation will likely go wrong
Structure graph_id=None has 1 isolated atom(s) with atom_graph_cutoff=6. CHGNet 
calculation will likely go wrong
Structure graph_id=None has 1 isolated atom(s) with atom_graph_cutoff=6. CHGNet 
calculation will likely go wrong
Structure graph_id=None has 1 isolated atom(s) with atom_graph_cutoff=6. CHGNet 
calculation will likely go wrong
Structure graph_id=None has 1 isolated atom(s) with atom_graph_cutoff=6. CHGNet 
calculation will likely go wrong
Structure graph_id=None has 1 isolated atom(s) with atom_graph_cutoff=6. CHGNet 
calculation will likely go wrong
Structure graph_id=None has 1 isolated atom(s) with atom_graph_cutoff=6. CHGNet 
calculation will likely go wrong
Structure graph_id=None has 1 isolated atom(s) with atom_graph_cutoff=6. CHGNet 
calculation will likely go wrong
Structure graph_id=None has 1 isolated atom(s) with atom_graph_cutoff=6. CHGNet 
calculation will likely go wrong
Structure graph_id=None has 1 isolated atom(s) with atom_graph_cutoff=6. CHGNet 
calculation will likely go wrong
Structure graph_id=None has 1 isolated atom(s) with atom_graph_cutoff=6. CHGNet 
calculation will likely go wrong
Structure graph_id=None has 1 isolated atom(s) with atom_graph_cutoff=6. CHGNet 
calculation will likely go wrong
Structure graph_id=None has 1 isolated atom(s) with atom_graph_cutoff=6. CHGNet 
calculation will likely go wrong
Structure graph_id=None has 1 isolated atom(s) with atom_graph_cutoff=6. CHGNet 
calculation will likely go wrong
Structure graph_id=None has 1 isolated atom(s) with atom_graph_cutoff=6. CHGNet 
calculation will likely go wrong
Structure graph_id=None has 1 isolated atom(s) with atom_graph_cutoff=6. CHGNet 
calculation will likely go wrong
Structure graph_id=None has 1 isolated atom(s) with atom_graph_cutoff=6. CHGNet 
calculation will likely go wrong
Structure graph_id=None has 1 isolated atom(s) with atom_graph_cutoff=6. CHGNet 
calculation will likely go wrong
Structure graph_id=None has 1 isolated atom(s) with atom_graph_cutoff=6. CHGNet 
calculation will likely go wrong
Structure graph_id=None has 1 isolated atom(s) with atom_graph_cutoff=6. CHGNet 
calculation will likely go wrong
Structure graph_id=None has 1 isolated atom(s) with atom_graph_cutoff=6. CHGNet 
calculation will likely go wrong
Structure graph_id=None has 1 isolated atom(s) with atom_graph_cutoff=6. CHGNet 
calculation will likely go wrong
Structure graph_id=None has 1 isolated atom(s) with atom_graph_cutoff=6. CHGNet 
calculation will likely go wrong
Structure graph_id=None has 1 isolated atom(s) with atom_graph_cutoff=6. CHGNet 
calculation will likely go wrong
Structure graph_id=None has 1 isolated atom(s) with atom_graph_cutoff=6. CHGNet 
calculation will likely go wrong
Structure graph_id=None has 1 isolated atom(s) with atom_graph_cutoff=6. CHGNet 
calculation will likely go wrong
Structure graph_id=None has 1 isolated atom(s) with atom_graph_cutoff=6. CHGNet 
calculation will likely go wrong
Structure graph_id=None has 1 isolated atom(s) with atom_graph_cutoff=6. CHGNet 
calculation will likely go wrong
Structure graph_id=None has 1 isolated atom(s) with atom_graph_cutoff=6. CHGNet 
calculation will likely go wrong
Structure graph_id=None has 1 isolated atom(s) with atom_graph_cutoff=6. CHGNet 
calculation will likely go wrong
Structure graph_id=None has 1 isolated atom(s) with atom_graph_cutoff=6. CHGNet 
calculation will likely go wrong
Success: chgnet
╭──────────────────────────────────────────────────────────────────────────────╮
│ MACE → mace-mp                                                               │
│ /home/p.zanineli/miniconda3/envs/mace/bin/python                             │
│ /mnt/beegfs/home/p.zanineli/ip-orch/ip_orch/core/worker.py                   │
│ isolated_atom_energies.py mace mace-mp /home/p.zanineli/pretrained/models    │
│ /mnt/beegfs/home/p.zanineli/ip-orch                                          │
╰──────────────────────────────────────────────────────────────────────────────╯
Using Materials Project MACE for MACECalculator with 
/home/p.zanineli/.cache/mace/20231203mace128L1_epoch199model
Using float32 for MACECalculator, which is faster but less accurate. Recommended
for MD. Use float64 for geometry optimization.
CUDA version: 11.7, CUDA device: 0
Default dtype float32 does not match model dtype float64, converting models to 
float32.
Appended isolated-atom energies for mace-mp to 
/mnt/beegfs/home/p.zanineli/ip-orch/ip_orch/scripts/results/isolated_atom_energi
es.csv
Success: mace-mp
╭──────────────────────────────────────────────────────────────────────────────╮
│ HIENET → hienet                                                              │
│ /home/p.zanineli/miniconda3/envs/hienet/bin/python                           │
│ /mnt/beegfs/home/p.zanineli/ip-orch/ip_orch/core/worker.py                   │
│ isolated_atom_energies.py hienet hienet /home/p.zanineli/pretrained/models   │
│ /mnt/beegfs/home/p.zanineli/ip-orch                                          │
╰──────────────────────────────────────────────────────────────────────────────╯
Appended isolated-atom energies for hienet to 
/mnt/beegfs/home/p.zanineli/ip-orch/ip_orch/scripts/results/isolated_atom_energi
es.csv
Success: hienet
╭──────────────────────────────────────────────────────────────────────────────╮
│ GRACE → grace-1l-oam                                                         │
│ /home/p.zanineli/miniconda3/envs/grace/bin/python                            │
│ /mnt/beegfs/home/p.zanineli/ip-orch/ip_orch/core/worker.py                   │
│ isolated_atom_energies.py grace grace-1l-oam                                 │
│ /home/p.zanineli/pretrained/models /mnt/beegfs/home/p.zanineli/ip-orch       │
╰──────────────────────────────────────────────────────────────────────────────╯
 Info: Environment variable TF_USE_LEGACY_KERAS is automatically set to '1'.
Using cached GRACE model from /home/p.zanineli/.cache/grace/GRACE-1L-OAM
Model license: Academic Software License
Appended isolated-atom energies for grace-1l-oam to 
/mnt/beegfs/home/p.zanineli/ip-orch/ip_orch/scripts/results/isolated_atom_energi
es.csv
2026-04-26 21:52:42.021304: E 
external/local_xla/xla/stream_executor/cuda/cuda_fft.cc:479] Unable to register 
cuFFT factory: Attempting to register factory for plugin cuFFT when one has 
already been registered
2026-04-26 21:52:42.283562: E 
external/local_xla/xla/stream_executor/cuda/cuda_dnn.cc:10575] Unable to 
register cuDNN factory: Attempting to register factory for plugin cuDNN when one
has already been registered
2026-04-26 21:52:42.283847: E 
external/local_xla/xla/stream_executor/cuda/cuda_blas.cc:1442] Unable to 
register cuBLAS factory: Attempting to register factory for plugin cuBLAS when 
one has already been registered
2026-04-26 21:52:42.950845: I tensorflow/core/platform/cpu_feature_guard.cc:210]
This TensorFlow binary is optimized to use available CPU instructions in 
performance-critical operations.
To enable the following instructions: AVX2 FMA, in other operations, rebuild 
TensorFlow with the appropriate compiler flags.
2026-04-26 21:52:48.276895: W 
tensorflow/compiler/tf2tensorrt/utils/py_utils.cc:38] TF-TRT Warning: Could not 
find TensorRT
2026-04-26 21:52:59.988769: W 
tensorflow/core/common_runtime/gpu/gpu_device.cc:2251] Cannot dlopen some GPU 
libraries. Please make sure the missing libraries mentioned above are installed 
properly if you would like to use GPU. Follow the guide at 
https://www.tensorflow.org/install/gpu for how to download and setup the 
required libraries for your platform.
Skipping registering GPU devices...
WARNING: All log messages before absl::InitializeLog() is called are written to 
STDERR
I0000 00:00:1777251183.371740   58801 service.cc:145] XLA service 0x10d712b0 
initialized for platform Host (this does not guarantee that XLA will be used). 
Devices:
I0000 00:00:1777251183.371813   58801 service.cc:153]   StreamExecutor device 
(0): Host, Default Version
2026-04-26 21:53:04.902080: I 
tensorflow/compiler/mlir/tensorflow/utils/dump_mlir_util.cc:268] disabling MLIR 
crash reproducer, set env var `MLIR_CRASH_REPRODUCER_DIRECTORY` to enable.
I0000 00:00:1777251193.442503   58801 device_compiler.h:188] Compiled cluster 
using XLA!  This line is logged at most once for the lifetime of the process.
Success: grace-1l-oam
╭──────────────────────────────────────────────────────────────────────────────╮
│ EQNORM → eqnorm-mptrj                                                        │
│ /home/p.zanineli/miniconda3/envs/eqnorm/bin/python                           │
│ /mnt/beegfs/home/p.zanineli/ip-orch/ip_orch/core/worker.py                   │
│ isolated_atom_energies.py eqnorm eqnorm-mptrj                                │
│ /home/p.zanineli/pretrained/models /mnt/beegfs/home/p.zanineli/ip-orch       │
╰──────────────────────────────────────────────────────────────────────────────╯
load model args file from 
/home/p.zanineli/miniconda3/envs/eqnorm/lib/python3.10/site-packages/eqnorm/mode
l_settings/eqnorm-mptrj.yaml
File /home/p.zanineli/.cache/eqnorm/eqnorm-mptrj.pt already exists, skipping 
download.
load ckpt from /home/p.zanineli/.cache/eqnorm/eqnorm-mptrj.pt, time: 0.6690
total parameters: 1309896
Appended isolated-atom energies for eqnorm-mptrj to 
/mnt/beegfs/home/p.zanineli/ip-orch/ip_orch/scripts/results/isolated_atom_energi
es.csv
/pytorch/aten/src/ATen/native/cuda/ScatterGatherKernel.cu:365: operator(): 
block: [0,0,0], thread: [0,0,0] Assertion `idx_dim >= 0 && idx_dim < index_size 
&& "index out of bounds"` failed.
Success: eqnorm-mptrj
╭──────────────────────────────────────────────────────────────────────────────╮
│ DEEPMD → dpa-3.1-3m-ft                                                       │
│ /home/p.zanineli/miniconda3/envs/deepmd/bin/python                           │
│ /mnt/beegfs/home/p.zanineli/ip-orch/ip_orch/core/worker.py                   │
│ isolated_atom_energies.py deepmd dpa-3.1-3m-ft                               │
│ /home/p.zanineli/pretrained/models /mnt/beegfs/home/p.zanineli/ip-orch       │
╰──────────────────────────────────────────────────────────────────────────────╯
To get the best performance, it is recommended to adjust the number of threads 
by setting the environment variables OMP_NUM_THREADS, 
DP_INTRA_OP_PARALLELISM_THREADS, and DP_INTER_OP_PARALLELISM_THREADS. See 
https://deepmd.rtfd.io/parallelism/ for more information.
Appended isolated-atom energies for dpa-3.1-3m-ft to 
/mnt/beegfs/home/p.zanineli/ip-orch/ip_orch/scripts/results/isolated_atom_energi
es.csv
Success: dpa-3.1-3m-ft
╭──────────────────────────────────────────────────────────────────────────────╮
│ GRACE → grace-2l-oam                                                         │
│ /home/p.zanineli/miniconda3/envs/grace/bin/python                            │
│ /mnt/beegfs/home/p.zanineli/ip-orch/ip_orch/core/worker.py                   │
│ isolated_atom_energies.py grace grace-2l-oam                                 │
│ /home/p.zanineli/pretrained/models /mnt/beegfs/home/p.zanineli/ip-orch       │
╰──────────────────────────────────────────────────────────────────────────────╯
 Info: Environment variable TF_USE_LEGACY_KERAS is automatically set to '1'.
Using cached GRACE model from /home/p.zanineli/.cache/grace/GRACE-2L-OAM
Model license: Academic Software License
Appended isolated-atom energies for grace-2l-oam to 
/mnt/beegfs/home/p.zanineli/ip-orch/ip_orch/scripts/results/isolated_atom_energi
es.csv
2026-04-26 21:52:42.021303: E 
external/local_xla/xla/stream_executor/cuda/cuda_fft.cc:479] Unable to register 
cuFFT factory: Attempting to register factory for plugin cuFFT when one has 
already been registered
2026-04-26 21:52:42.283562: E 
external/local_xla/xla/stream_executor/cuda/cuda_dnn.cc:10575] Unable to 
register cuDNN factory: Attempting to register factory for plugin cuDNN when one
has already been registered
2026-04-26 21:52:42.283846: E 
external/local_xla/xla/stream_executor/cuda/cuda_blas.cc:1442] Unable to 
register cuBLAS factory: Attempting to register factory for plugin cuBLAS when 
one has already been registered
2026-04-26 21:52:42.950845: I tensorflow/core/platform/cpu_feature_guard.cc:210]
This TensorFlow binary is optimized to use available CPU instructions in 
performance-critical operations.
To enable the following instructions: AVX2 FMA, in other operations, rebuild 
TensorFlow with the appropriate compiler flags.
2026-04-26 21:52:48.281422: W 
tensorflow/compiler/tf2tensorrt/utils/py_utils.cc:38] TF-TRT Warning: Could not 
find TensorRT
2026-04-26 21:52:59.989776: W 
tensorflow/core/common_runtime/gpu/gpu_device.cc:2251] Cannot dlopen some GPU 
libraries. Please make sure the missing libraries mentioned above are installed 
properly if you would like to use GPU. Follow the guide at 
https://www.tensorflow.org/install/gpu for how to download and setup the 
required libraries for your platform.
Skipping registering GPU devices...
WARNING: All log messages before absl::InitializeLog() is called are written to 
STDERR
I0000 00:00:1777251183.365548   58799 service.cc:145] XLA service 0x14800140 
initialized for platform Host (this does not guarantee that XLA will be used). 
Devices:
I0000 00:00:1777251183.366361   58799 service.cc:153]   StreamExecutor device 
(0): Host, Default Version
2026-04-26 21:53:04.902080: I 
tensorflow/compiler/mlir/tensorflow/utils/dump_mlir_util.cc:268] disabling MLIR 
crash reproducer, set env var `MLIR_CRASH_REPRODUCER_DIRECTORY` to enable.
I0000 00:00:1777251197.684349   58799 device_compiler.h:188] Compiled cluster 
using XLA!  This line is logged at most once for the lifetime of the process.
Success: grace-2l-oam
╭──────────────────────────────────────────────────────────────────────────────╮
│ GRACE → grace-2l-mp-r6                                                       │
│ /home/p.zanineli/miniconda3/envs/grace/bin/python                            │
│ /mnt/beegfs/home/p.zanineli/ip-orch/ip_orch/core/worker.py                   │
│ isolated_atom_energies.py grace grace-2l-mp-r6                               │
│ /home/p.zanineli/pretrained/models /mnt/beegfs/home/p.zanineli/ip-orch       │
╰──────────────────────────────────────────────────────────────────────────────╯
 Info: Environment variable TF_USE_LEGACY_KERAS is automatically set to '1'.
Using cached GRACE model from /home/p.zanineli/.cache/grace/GRACE-2L-MP-r6
Model license: Academic Software License
Appended isolated-atom energies for grace-2l-mp-r6 to 
/mnt/beegfs/home/p.zanineli/ip-orch/ip_orch/scripts/results/isolated_atom_energi
es.csv
2026-04-26 21:52:42.021305: E 
external/local_xla/xla/stream_executor/cuda/cuda_fft.cc:479] Unable to register 
cuFFT factory: Attempting to register factory for plugin cuFFT when one has 
already been registered
2026-04-26 21:52:42.283563: E 
external/local_xla/xla/stream_executor/cuda/cuda_dnn.cc:10575] Unable to 
register cuDNN factory: Attempting to register factory for plugin cuDNN when one
has already been registered
2026-04-26 21:52:42.283849: E 
external/local_xla/xla/stream_executor/cuda/cuda_blas.cc:1442] Unable to 
register cuBLAS factory: Attempting to register factory for plugin cuBLAS when 
one has already been registered
2026-04-26 21:52:42.950845: I tensorflow/core/platform/cpu_feature_guard.cc:210]
This TensorFlow binary is optimized to use available CPU instructions in 
performance-critical operations.
To enable the following instructions: AVX2 FMA, in other operations, rebuild 
TensorFlow with the appropriate compiler flags.
2026-04-26 21:52:48.331526: W 
tensorflow/compiler/tf2tensorrt/utils/py_utils.cc:38] TF-TRT Warning: Could not 
find TensorRT
2026-04-26 21:52:59.989832: W 
tensorflow/core/common_runtime/gpu/gpu_device.cc:2251] Cannot dlopen some GPU 
libraries. Please make sure the missing libraries mentioned above are installed 
properly if you would like to use GPU. Follow the guide at 
https://www.tensorflow.org/install/gpu for how to download and setup the 
required libraries for your platform.
Skipping registering GPU devices...
WARNING: All log messages before absl::InitializeLog() is called are written to 
STDERR
I0000 00:00:1777251183.602194   58804 service.cc:145] XLA service 0x13677b20 
initialized for platform Host (this does not guarantee that XLA will be used). 
Devices:
I0000 00:00:1777251183.602254   58804 service.cc:153]   StreamExecutor device 
(0): Host, Default Version
2026-04-26 21:53:04.902216: I 
tensorflow/compiler/mlir/tensorflow/utils/dump_mlir_util.cc:268] disabling MLIR 
crash reproducer, set env var `MLIR_CRASH_REPRODUCER_DIRECTORY` to enable.
I0000 00:00:1777251198.264645   58804 device_compiler.h:188] Compiled cluster 
using XLA!  This line is logged at most once for the lifetime of the process.
Success: grace-2l-mp-r6
╭──────────────────────────────────────────────────────────────────────────────╮
│ DEEPMD → dpa-3.1-mptrj                                                       │
│ /home/p.zanineli/miniconda3/envs/deepmd/bin/python                           │
│ /mnt/beegfs/home/p.zanineli/ip-orch/ip_orch/core/worker.py                   │
│ isolated_atom_energies.py deepmd dpa-3.1-mptrj                               │
│ /home/p.zanineli/pretrained/models /mnt/beegfs/home/p.zanineli/ip-orch       │
╰──────────────────────────────────────────────────────────────────────────────╯
To get the best performance, it is recommended to adjust the number of threads 
by setting the environment variables OMP_NUM_THREADS, 
DP_INTRA_OP_PARALLELISM_THREADS, and DP_INTER_OP_PARALLELISM_THREADS. See 
https://deepmd.rtfd.io/parallelism/ for more information.
Appended isolated-atom energies for dpa-3.1-mptrj to 
/mnt/beegfs/home/p.zanineli/ip-orch/ip_orch/scripts/results/isolated_atom_energi
es.csv
Success: dpa-3.1-mptrj
╭──────────────────────────────────────────────────────────────────────────────╮
│ MATRIS → matris-10m-oam                                                      │
│ /home/p.zanineli/miniconda3/envs/matris/bin/python                           │
│ /mnt/beegfs/home/p.zanineli/ip-orch/ip_orch/core/worker.py                   │
│ isolated_atom_energies.py matris matris-10m-oam                              │
│ /home/p.zanineli/pretrained/models /mnt/beegfs/home/p.zanineli/ip-orch       │
╰──────────────────────────────────────────────────────────────────────────────╯
fast graph converter algorithm import error, using legacy
MatRIS initialized with 10443505 parameters
Loading matris_10m_oam successfully, running on cuda.
Appended isolated-atom energies for matris-10m-oam to 
/mnt/beegfs/home/p.zanineli/ip-orch/ip_orch/scripts/results/isolated_atom_energi
es.csv
Success: matris-10m-oam
╭──────────────────────────────────────────────────────────────────────────────╮
│ MATRIS → matris-10m-mp                                                       │
│ /home/p.zanineli/miniconda3/envs/matris/bin/python                           │
│ /mnt/beegfs/home/p.zanineli/ip-orch/ip_orch/core/worker.py                   │
│ isolated_atom_energies.py matris matris-10m-mp                               │
│ /home/p.zanineli/pretrained/models /mnt/beegfs/home/p.zanineli/ip-orch       │
╰──────────────────────────────────────────────────────────────────────────────╯
fast graph converter algorithm import error, using legacy
MatRIS initialized with 10443505 parameters
Loading matris_10m_mp successfully, running on cuda.
Appended isolated-atom energies for matris-10m-mp to 
/mnt/beegfs/home/p.zanineli/ip-orch/ip_orch/scripts/results/isolated_atom_energi
es.csv
Success: matris-10m-mp
╭──────────────────────────────────────────────────────────────────────────────╮
│ MACE → mace-mpa-0                                                            │
│ /home/p.zanineli/miniconda3/envs/mace/bin/python                             │
│ /mnt/beegfs/home/p.zanineli/ip-orch/ip_orch/core/worker.py                   │
│ isolated_atom_energies.py mace mace-mpa-0 /home/p.zanineli/pretrained/models │
│ /mnt/beegfs/home/p.zanineli/ip-orch                                          │
╰──────────────────────────────────────────────────────────────────────────────╯
Using medium MPA-0 model as default MACE-MP model, to use previous (before 3.10)
default model please specify 'medium' as model argument
Using Materials Project MACE for MACECalculator with 
/home/p.zanineli/.cache/mace/macempa0mediummodel
Using float32 for MACECalculator, which is faster but less accurate. Recommended
for MD. Use float64 for geometry optimization.
CUDA version: 11.7, CUDA device: 0
Default dtype float32 does not match model dtype float64, converting models to 
float32.
Appended isolated-atom energies for mace-mpa-0 to 
/mnt/beegfs/home/p.zanineli/ip-orch/ip_orch/scripts/results/isolated_atom_energi
es.csv
Success: mace-mpa-0
╭──────────────────────────────────────────────────────────────────────────────╮
│ MACE → mace-mp-0                                                             │
│ /home/p.zanineli/miniconda3/envs/mace/bin/python                             │
│ /mnt/beegfs/home/p.zanineli/ip-orch/ip_orch/core/worker.py                   │
│ isolated_atom_energies.py mace mace-mp-0 /home/p.zanineli/pretrained/models  │
│ /mnt/beegfs/home/p.zanineli/ip-orch                                          │
╰──────────────────────────────────────────────────────────────────────────────╯
Using Materials Project MACE for MACECalculator with 
/home/p.zanineli/.cache/mace/MACE_MPtrj_20229model
Using float32 for MACECalculator, which is faster but less accurate. Recommended
for MD. Use float64 for geometry optimization.
CUDA version: 11.7, CUDA device: 0
Default dtype float32 does not match model dtype float64, converting models to 
float32.
Appended isolated-atom energies for mace-mp-0 to 
/mnt/beegfs/home/p.zanineli/ip-orch/ip_orch/scripts/results/isolated_atom_energi
es.csv
Success: mace-mp-0
╭──────────────────────────────────────────────────────────────────────────────╮
│ NEQUIX → nequix-mp                                                           │
│ /home/p.zanineli/miniconda3/envs/nequix/bin/python                           │
│ /mnt/beegfs/home/p.zanineli/ip-orch/ip_orch/core/worker.py                   │
│ isolated_atom_energies.py nequix nequix-mp                                   │
│ /home/p.zanineli/pretrained/models /mnt/beegfs/home/p.zanineli/ip-orch       │
╰──────────────────────────────────────────────────────────────────────────────╯
[Worker ERROR] Failure running nequix-mp: Could not import DeviceProp: Error 
building OpenEquivariance Extension: Ninja is required to load C++ extensions 
(pip install ninja to get it)
Failed for nequix (nequix-mp)
╭──────────────────────────────────────────────────────────────────────────────╮
│ NEQUIX → nequix-mp-pft                                                       │
│ /home/p.zanineli/miniconda3/envs/nequix/bin/python                           │
│ /mnt/beegfs/home/p.zanineli/ip-orch/ip_orch/core/worker.py                   │
│ isolated_atom_energies.py nequix nequix-mp-pft                               │
│ /home/p.zanineli/pretrained/models /mnt/beegfs/home/p.zanineli/ip-orch       │
╰──────────────────────────────────────────────────────────────────────────────╯
Unable to initialize backend 'tpu': INTERNAL: Failed to open libtpu.so: 
libtpu.so: cannot open shared object file: No such file or directory
Appended isolated-atom energies for nequix-mp-pft to 
/mnt/beegfs/home/p.zanineli/ip-orch/ip_orch/scripts/results/isolated_atom_energi
es.csv
INFO:2026-04-26 21:54:28,575:jax._src.xla_bridge:834: Unable to initialize 
backend 'tpu': INTERNAL: Failed to open libtpu.so: libtpu.so: cannot open shared
object file: No such file or directory
Success: nequix-mp-pft
╭──────────────────────────────────────────────────────────────────────────────╮
│ NEQUIP → nequip-mp-l                                                         │
│ /home/p.zanineli/miniconda3/envs/nequip/bin/python                           │
│ /mnt/beegfs/home/p.zanineli/ip-orch/ip_orch/core/worker.py                   │
│ isolated_atom_energies.py nequip nequip-mp-l                                 │
│ /home/p.zanineli/pretrained/models /mnt/beegfs/home/p.zanineli/ip-orch       │
╰──────────────────────────────────────────────────────────────────────────────╯
Appended isolated-atom energies for nequip-mp-l to 
/mnt/beegfs/home/p.zanineli/ip-orch/ip_orch/scripts/results/isolated_atom_energi
es.csv
Success: nequip-mp-l
╭──────────────────────────────────────────────────────────────────────────────╮
│ NEQUIP → nequip-oam-l                                                        │
│ /home/p.zanineli/miniconda3/envs/nequip/bin/python                           │
│ /mnt/beegfs/home/p.zanineli/ip-orch/ip_orch/core/worker.py                   │
│ isolated_atom_energies.py nequip nequip-oam-l                                │
│ /home/p.zanineli/pretrained/models /mnt/beegfs/home/p.zanineli/ip-orch       │
╰──────────────────────────────────────────────────────────────────────────────╯
Appended isolated-atom energies for nequip-oam-l to 
/mnt/beegfs/home/p.zanineli/ip-orch/ip_orch/scripts/results/isolated_atom_energi
es.csv
Success: nequip-oam-l
╭──────────────────────────────────────────────────────────────────────────────╮
│ NEQUIP → allegro-mp-l                                                        │
│ /home/p.zanineli/miniconda3/envs/nequip/bin/python                           │
│ /mnt/beegfs/home/p.zanineli/ip-orch/ip_orch/core/worker.py                   │
│ isolated_atom_energies.py nequip allegro-mp-l                                │
│ /home/p.zanineli/pretrained/models /mnt/beegfs/home/p.zanineli/ip-orch       │
╰──────────────────────────────────────────────────────────────────────────────╯
Appended isolated-atom energies for allegro-mp-l to 
/mnt/beegfs/home/p.zanineli/ip-orch/ip_orch/scripts/results/isolated_atom_energi
es.csv
Success: allegro-mp-l
╭──────────────────────────────────────────────────────────────────────────────╮
│ MATTERSIM → mattersim-v1                                                     │
│ /home/p.zanineli/miniconda3/envs/mattersim/bin/python                        │
│ /mnt/beegfs/home/p.zanineli/ip-orch/ip_orch/core/worker.py                   │
│ isolated_atom_energies.py mattersim mattersim-v1                             │
│ /home/p.zanineli/pretrained/models /mnt/beegfs/home/p.zanineli/ip-orch       │
╰──────────────────────────────────────────────────────────────────────────────╯
[32m2026-04-26 21:56:27.632[0m | [1mINFO    [0m | 
[36mmattersim.forcefield.potential[0m:[36mfrom_checkpoint[0m:[36m891[0m - 
[1mLoading the pre-trained mattersim-v1.0.0-5M.pth model[0m
Appended isolated-atom energies for mattersim-v1 to 
/mnt/beegfs/home/p.zanineli/ip-orch/ip_orch/scripts/results/isolated_atom_energi
es.csv
/home/p.zanineli/miniconda3/envs/mattersim/lib/python3.9/site-packages/mattersim
/datasets/utils/convertor.py:210: UserWarning: No PBC detected, using a large 
supercell with size 25.0x25.0x25.0 Angstrom**3
  warnings.warn(
/pytorch/aten/src/ATen/native/cuda/ScatterGatherKernel.cu:365: operator(): 
block: [0,0,0], thread: [0,0,0] Assertion `idx_dim >= 0 && idx_dim < index_size 
&& "index out of bounds"` failed.
Success: mattersim-v1
╭──────────────────────────────────────────────────────────────────────────────╮
│ ORB-V3 → orb-v3                                                              │
│ /home/p.zanineli/miniconda3/envs/orb-v3/bin/python                           │
│ /mnt/beegfs/home/p.zanineli/ip-orch/ip_orch/core/worker.py                   │
│ isolated_atom_energies.py orb-v3 orb-v3 /home/p.zanineli/pretrained/models   │
│ /mnt/beegfs/home/p.zanineli/ip-orch                                          │
╰──────────────────────────────────────────────────────────────────────────────╯
[Worker ERROR] Failure running orb-v3: No module named 
'orb_models.forcefield.inference'
Failed for orb-v3 (orb-v3)
╭──────────────────────────────────────────────────────────────────────────────╮
│ UPET → pet-oam-xl                                                            │
│ /home/p.zanineli/miniconda3/envs/upet/bin/python                             │
│ /mnt/beegfs/home/p.zanineli/ip-orch/ip_orch/core/worker.py                   │
│ isolated_atom_energies.py upet pet-oam-xl /home/p.zanineli/pretrained/models │
│ /mnt/beegfs/home/p.zanineli/ip-orch                                          │
╰──────────────────────────────────────────────────────────────────────────────╯
[Worker ERROR] Failure running pet-oam-xl: [Errno 111] Connection refused
Failed for upet (pet-oam-xl)
╭──────────────────────────────────────────────────────────────────────────────╮
│ SEVENN → sevennet-l3i5                                                       │
│ /home/p.zanineli/miniconda3/envs/sevenn/bin/python                           │
│ /mnt/beegfs/home/p.zanineli/ip-orch/ip_orch/core/worker.py                   │
│ isolated_atom_energies.py sevenn sevennet-l3i5                               │
│ /home/p.zanineli/pretrained/models /mnt/beegfs/home/p.zanineli/ip-orch       │
╰──────────────────────────────────────────────────────────────────────────────╯
Note: detected 128 virtual cores but NumExpr set to maximum of 64, check 
"NUMEXPR_MAX_THREADS" environment variable.
Note: NumExpr detected 128 cores but "NUMEXPR_MAX_THREADS" not set, so enforcing
safe limit of 16.
NumExpr defaulting to 16 threads.
cueq
False
flash
False
Appended isolated-atom energies for sevennet-l3i5 to 
/mnt/beegfs/home/p.zanineli/ip-orch/ip_orch/scripts/results/isolated_atom_energi
es.csv
Success: sevennet-l3i5
╭──────────────────────────────────────────────────────────────────────────────╮
│ TACE → tace-v1-oam-m                                                         │
│ /home/p.zanineli/miniconda3/envs/tace/bin/python                             │
│ /mnt/beegfs/home/p.zanineli/ip-orch/ip_orch/core/worker.py                   │
│ isolated_atom_energies.py tace tace-v1-oam-m                                 │
│ /home/p.zanineli/pretrained/models /mnt/beegfs/home/p.zanineli/ip-orch       │
╰──────────────────────────────────────────────────────────────────────────────╯
Note: detected 128 virtual cores but NumExpr set to maximum of 64, check 
"NUMEXPR_MAX_THREADS" environment variable.
Note: NumExpr detected 128 cores but "NUMEXPR_MAX_THREADS" not set, so enforcing
safe limit of 16.
NumExpr defaulting to 16 threads.
Appended isolated-atom energies for tace-v1-oam-m to 
/mnt/beegfs/home/p.zanineli/ip-orch/ip_orch/scripts/results/isolated_atom_energi
es.csv
Success: tace-v1-oam-m
╭──────────────────────────────────────────────────────────────────────────────╮
│ SEVENN → sevennet-omni                                                       │
│ /home/p.zanineli/miniconda3/envs/sevenn/bin/python                           │
│ /mnt/beegfs/home/p.zanineli/ip-orch/ip_orch/core/worker.py                   │
│ isolated_atom_energies.py sevenn sevennet-omni                               │
│ /home/p.zanineli/pretrained/models /mnt/beegfs/home/p.zanineli/ip-orch       │
╰──────────────────────────────────────────────────────────────────────────────╯
Note: detected 128 virtual cores but NumExpr set to maximum of 64, check 
"NUMEXPR_MAX_THREADS" environment variable.
Note: NumExpr detected 128 cores but "NUMEXPR_MAX_THREADS" not set, so enforcing
safe limit of 16.
NumExpr defaulting to 16 threads.
cueq
False
flash
False
Converting model backend...
Appended isolated-atom energies for sevennet-omni to 
/mnt/beegfs/home/p.zanineli/ip-orch/ip_orch/scripts/results/isolated_atom_energi
es.csv
Success: sevennet-omni
╭──────────────────────────────────────────────────────────────────────────────╮
│ ORB-V3 → orb-v2-mptrj                                                        │
│ /home/p.zanineli/miniconda3/envs/orb-v3/bin/python                           │
│ /mnt/beegfs/home/p.zanineli/ip-orch/ip_orch/core/worker.py                   │
│ isolated_atom_energies.py orb-v3 orb-v2-mptrj                                │
│ /home/p.zanineli/pretrained/models /mnt/beegfs/home/p.zanineli/ip-orch       │
╰──────────────────────────────────────────────────────────────────────────────╯
Retrying (Retry(total=4, connect=None, read=None, redirect=None, status=None)) 
after connection broken by 
'NewConnectionError('<urllib3.connection.HTTPSConnection object at 
0x7f0e8e18ff10>: Failed to establish a new connection: [Errno 111] Connection 
refused')': /forcefields/orb-mptraj-only-v2-20241014.ckpt
Retrying (Retry(total=3, connect=None, read=None, redirect=None, status=None)) 
after connection broken by 
'NewConnectionError('<urllib3.connection.HTTPSConnection object at 
0x7f0e8ded4130>: Failed to establish a new connection: [Errno 111] Connection 
refused')': /forcefields/orb-mptraj-only-v2-20241014.ckpt
Retrying (Retry(total=2, connect=None, read=None, redirect=None, status=None)) 
after connection broken by 
'NewConnectionError('<urllib3.connection.HTTPSConnection object at 
0x7f0e8ded4250>: Failed to establish a new connection: [Errno 111] Connection 
refused')': /forcefields/orb-mptraj-only-v2-20241014.ckpt
Retrying (Retry(total=1, connect=None, read=None, redirect=None, status=None)) 
after connection broken by 
'NewConnectionError('<urllib3.connection.HTTPSConnection object at 
0x7f0e8e18f190>: Failed to establish a new connection: [Errno 111] Connection 
refused')': /forcefields/orb-mptraj-only-v2-20241014.ckpt
Retrying (Retry(total=0, connect=None, read=None, redirect=None, status=None)) 
after connection broken by 
'NewConnectionError('<urllib3.connection.HTTPSConnection object at 
0x7f0e8e18f100>: Failed to establish a new connection: [Errno 111] Connection 
refused')': /forcefields/orb-mptraj-only-v2-20241014.ckpt
Connection error occurred while trying to fetch ETag for 
https://orbitalmaterials-public-models.s3.us-west-1.amazonaws.com/forcefields/or
b-mptraj-only-v2-20241014.ckpt. Will attempt to use latest cached version of 
resource
ETag request failed with recoverable error, using latest cached version of 
https://orbitalmaterials-public-models.s3.us-west-1.amazonaws.com/forcefields/or
b-mptraj-only-v2-20241014.ckpt: 
/home/p.zanineli/.cache/cached_path/2b5e145cd030c949e983913c72986d09b2fd3ae53496
17ce37ffe04a9648f26f.0d61ed52bb171f972b311882b13633b59d14dd0a7f81f407898258fcd03
f5501
Appended isolated-atom energies for orb-v2-mptrj to 
/mnt/beegfs/home/p.zanineli/ip-orch/ip_orch/scripts/results/isolated_atom_energi
es.csv
Success: orb-v2-mptrj
╭──────────────────────────────────────────────────────────────────────────────╮
│ ORB-V3 → orb-v2                                                              │
│ /home/p.zanineli/miniconda3/envs/orb-v3/bin/python                           │
│ /mnt/beegfs/home/p.zanineli/ip-orch/ip_orch/core/worker.py                   │
│ isolated_atom_energies.py orb-v3 orb-v2 /home/p.zanineli/pretrained/models   │
│ /mnt/beegfs/home/p.zanineli/ip-orch                                          │
╰──────────────────────────────────────────────────────────────────────────────╯
Retrying (Retry(total=4, connect=None, read=None, redirect=None, status=None)) 
after connection broken by 
'NewConnectionError('<urllib3.connection.HTTPSConnection object at 
0x7f6c85c1fe80>: Failed to establish a new connection: [Errno 111] Connection 
refused')': /forcefields/orb-v2-20241011.ckpt
Retrying (Retry(total=3, connect=None, read=None, redirect=None, status=None)) 
after connection broken by 
'NewConnectionError('<urllib3.connection.HTTPSConnection object at 
0x7f6c8596c070>: Failed to establish a new connection: [Errno 111] Connection 
refused')': /forcefields/orb-v2-20241011.ckpt
Retrying (Retry(total=2, connect=None, read=None, redirect=None, status=None)) 
after connection broken by 
'NewConnectionError('<urllib3.connection.HTTPSConnection object at 
0x7f6c8596c1c0>: Failed to establish a new connection: [Errno 111] Connection 
refused')': /forcefields/orb-v2-20241011.ckpt
Retrying (Retry(total=1, connect=None, read=None, redirect=None, status=None)) 
after connection broken by 
'NewConnectionError('<urllib3.connection.HTTPSConnection object at 
0x7f6c85c1f130>: Failed to establish a new connection: [Errno 111] Connection 
refused')': /forcefields/orb-v2-20241011.ckpt
Retrying (Retry(total=0, connect=None, read=None, redirect=None, status=None)) 
after connection broken by 
'NewConnectionError('<urllib3.connection.HTTPSConnection object at 
0x7f6c85c1f0a0>: Failed to establish a new connection: [Errno 111] Connection 
refused')': /forcefields/orb-v2-20241011.ckpt
Connection error occurred while trying to fetch ETag for 
https://orbitalmaterials-public-models.s3.us-west-1.amazonaws.com/forcefields/or
b-v2-20241011.ckpt. Will attempt to use latest cached version of resource
ETag request failed with recoverable error, using latest cached version of 
https://orbitalmaterials-public-models.s3.us-west-1.amazonaws.com/forcefields/or
b-v2-20241011.ckpt: 
/home/p.zanineli/.cache/cached_path/11be2a8c51472ff72b5c88e3ac15e121d32ce011b91c
b772454cfe99c70a659c.12664da448d7fc23ce36d4d21e65597c6f8e565382a551e7435a357d348
d203b
Appended isolated-atom energies for orb-v2 to 
/mnt/beegfs/home/p.zanineli/ip-orch/ip_orch/scripts/results/isolated_atom_energi
es.csv
Success: orb-v2
